{"total": {"lines":{"total":1692,"covered":1576,"skipped":0,"pct":93.14},"statements":{"total":1704,"covered":1585,"skipped":0,"pct":93.01},"functions":{"total":139,"covered":128,"skipped":0,"pct":92.08},"branches":{"total":797,"covered":675,"skipped":0,"pct":84.69},"branchesTrue":{"total":0,"covered":0,"skipped":0,"pct":100}}
,"/Users/christian/dev/ns3-program-viewer/src/server/nord-service.js": {"lines":{"total":21,"covered":16,"skipped":0,"pct":76.19},"functions":{"total":1,"covered":1,"skipped":0,"pct":100},"statements":{"total":21,"covered":16,"skipped":0,"pct":76.19},"branches":{"total":12,"covered":8,"skipped":0,"pct":66.66}}
,"/Users/christian/dev/ns3-program-viewer/src/server/common/converter.js": {"lines":{"total":35,"covered":26,"skipped":0,"pct":74.28},"functions":{"total":9,"covered":8,"skipped":0,"pct":88.88},"statements":{"total":39,"covered":28,"skipped":0,"pct":71.79},"branches":{"total":22,"covered":16,"skipped":0,"pct":72.72}}
,"/Users/christian/dev/ns3-program-viewer/src/server/common/midi-mapping.js": {"lines":{"total":1,"covered":1,"skipped":0,"pct":100},"functions":{"total":0,"covered":0,"skipped":0,"pct":100},"statements":{"total":1,"covered":1,"skipped":0,"pct":100},"branches":{"total":0,"covered":0,"skipped":0,"pct":100}}
,"/Users/christian/dev/ns3-program-viewer/src/server/common/nord-file.js": {"lines":{"total":45,"covered":30,"skipped":0,"pct":66.66},"functions":{"total":5,"covered":4,"skipped":0,"pct":80},"statements":{"total":47,"covered":31,"skipped":0,"pct":65.95},"branches":{"total":16,"covered":10,"skipped":0,"pct":62.5}}
,"/Users/christian/dev/ns3-program-viewer/src/server/common/nord-mapping.js": {"lines":{"total":4,"covered":4,"skipped":0,"pct":100},"functions":{"total":0,"covered":0,"skipped":0,"pct":100},"statements":{"total":4,"covered":4,"skipped":0,"pct":100},"branches":{"total":0,"covered":0,"skipped":0,"pct":100}}
,"/Users/christian/dev/ns3-program-viewer/src/server/library/ns3-library-service.js": {"lines":{"total":29,"covered":27,"skipped":0,"pct":93.1},"functions":{"total":2,"covered":2,"skipped":0,"pct":100},"statements":{"total":29,"covered":27,"skipped":0,"pct":93.1},"branches":{"total":45,"covered":42,"skipped":0,"pct":93.33}}
,"/Users/christian/dev/ns3-program-viewer/src/server/library/ns3-nord-piano-library.js": {"lines":{"total":1,"covered":1,"skipped":0,"pct":100},"functions":{"total":0,"covered":0,"skipped":0,"pct":100},"statements":{"total":1,"covered":1,"skipped":0,"pct":100},"branches":{"total":0,"covered":0,"skipped":0,"pct":100}}
,"/Users/christian/dev/ns3-program-viewer/src/server/library/ns3-nord-sample-library-2.js": {"lines":{"total":1,"covered":1,"skipped":0,"pct":100},"functions":{"total":0,"covered":0,"skipped":0,"pct":100},"statements":{"total":1,"covered":1,"skipped":0,"pct":100},"branches":{"total":0,"covered":0,"skipped":0,"pct":100}}
,"/Users/christian/dev/ns3-program-viewer/src/server/library/ns3-nord-sample-library-3.js": {"lines":{"total":1,"covered":1,"skipped":0,"pct":100},"functions":{"total":0,"covered":0,"skipped":0,"pct":100},"statements":{"total":1,"covered":1,"skipped":0,"pct":100},"branches":{"total":0,"covered":0,"skipped":0,"pct":100}}
,"/Users/christian/dev/ns3-program-viewer/src/server/library/ns3-nord-sample-library-archive.js": {"lines":{"total":1,"covered":1,"skipped":0,"pct":100},"functions":{"total":0,"covered":0,"skipped":0,"pct":100},"statements":{"total":1,"covered":1,"skipped":0,"pct":100},"branches":{"total":0,"covered":0,"skipped":0,"pct":100}}
,"/Users/christian/dev/ns3-program-viewer/src/server/library/ns3-product-libraries.js": {"lines":{"total":1,"covered":1,"skipped":0,"pct":100},"functions":{"total":0,"covered":0,"skipped":0,"pct":100},"statements":{"total":1,"covered":1,"skipped":0,"pct":100},"branches":{"total":0,"covered":0,"skipped":0,"pct":100}}
,"/Users/christian/dev/ns3-program-viewer/src/server/library/ns3-red-library.js": {"lines":{"total":1,"covered":1,"skipped":0,"pct":100},"functions":{"total":0,"covered":0,"skipped":0,"pct":100},"statements":{"total":1,"covered":1,"skipped":0,"pct":100},"branches":{"total":0,"covered":0,"skipped":0,"pct":100}}
,"/Users/christian/dev/ns3-program-viewer/src/server/library/ns3-sc-sounds-libraries.js": {"lines":{"total":1,"covered":1,"skipped":0,"pct":100},"functions":{"total":0,"covered":0,"skipped":0,"pct":100},"statements":{"total":1,"covered":1,"skipped":0,"pct":100},"branches":{"total":0,"covered":0,"skipped":0,"pct":100}}
,"/Users/christian/dev/ns3-program-viewer/src/server/library/ns3-user-libraries.js": {"lines":{"total":1,"covered":1,"skipped":0,"pct":100},"functions":{"total":0,"covered":0,"skipped":0,"pct":100},"statements":{"total":1,"covered":1,"skipped":0,"pct":100},"branches":{"total":0,"covered":0,"skipped":0,"pct":100}}
,"/Users/christian/dev/ns3-program-viewer/src/server/nla1/program/nla1-fx-reverb.js": {"lines":{"total":3,"covered":1,"skipped":0,"pct":33.33},"functions":{"total":1,"covered":0,"skipped":0,"pct":0},"statements":{"total":3,"covered":1,"skipped":0,"pct":33.33},"branches":{"total":0,"covered":0,"skipped":0,"pct":100}}
,"/Users/christian/dev/ns3-program-viewer/src/server/nla1/program/nla1-program.js": {"lines":{"total":17,"covered":1,"skipped":0,"pct":5.88},"functions":{"total":1,"covered":0,"skipped":0,"pct":0},"statements":{"total":17,"covered":1,"skipped":0,"pct":5.88},"branches":{"total":4,"covered":0,"skipped":0,"pct":0}}
,"/Users/christian/dev/ns3-program-viewer/src/server/nla1/program/nla1-utils.js": {"lines":{"total":6,"covered":2,"skipped":0,"pct":33.33},"functions":{"total":2,"covered":0,"skipped":0,"pct":0},"statements":{"total":6,"covered":2,"skipped":0,"pct":33.33},"branches":{"total":6,"covered":0,"skipped":0,"pct":0}}
,"/Users/christian/dev/ns3-program-viewer/src/server/ns2/program/ns2-extern.js": {"lines":{"total":31,"covered":31,"skipped":0,"pct":100},"functions":{"total":3,"covered":3,"skipped":0,"pct":100},"statements":{"total":31,"covered":31,"skipped":0,"pct":100},"branches":{"total":4,"covered":3,"skipped":0,"pct":75}}
,"/Users/christian/dev/ns3-program-viewer/src/server/ns2/program/ns2-fx-amp-sim-eq.js": {"lines":{"total":14,"covered":14,"skipped":0,"pct":100},"functions":{"total":1,"covered":1,"skipped":0,"pct":100},"statements":{"total":14,"covered":14,"skipped":0,"pct":100},"branches":{"total":0,"covered":0,"skipped":0,"pct":100}}
,"/Users/christian/dev/ns3-program-viewer/src/server/ns2/program/ns2-fx-compressor.js": {"lines":{"total":4,"covered":4,"skipped":0,"pct":100},"functions":{"total":1,"covered":1,"skipped":0,"pct":100},"statements":{"total":4,"covered":4,"skipped":0,"pct":100},"branches":{"total":0,"covered":0,"skipped":0,"pct":100}}
,"/Users/christian/dev/ns3-program-viewer/src/server/ns2/program/ns2-fx-delay.js": {"lines":{"total":41,"covered":24,"skipped":0,"pct":58.53},"functions":{"total":5,"covered":4,"skipped":0,"pct":80},"statements":{"total":41,"covered":24,"skipped":0,"pct":58.53},"branches":{"total":22,"covered":9,"skipped":0,"pct":40.9}}
,"/Users/christian/dev/ns3-program-viewer/src/server/ns2/program/ns2-fx-multi-effect-1.js": {"lines":{"total":20,"covered":20,"skipped":0,"pct":100},"functions":{"total":4,"covered":4,"skipped":0,"pct":100},"statements":{"total":20,"covered":20,"skipped":0,"pct":100},"branches":{"total":11,"covered":10,"skipped":0,"pct":90.9}}
,"/Users/christian/dev/ns3-program-viewer/src/server/ns2/program/ns2-fx-multi-effect-2.js": {"lines":{"total":20,"covered":20,"skipped":0,"pct":100},"functions":{"total":4,"covered":4,"skipped":0,"pct":100},"statements":{"total":20,"covered":20,"skipped":0,"pct":100},"branches":{"total":8,"covered":8,"skipped":0,"pct":100}}
,"/Users/christian/dev/ns3-program-viewer/src/server/ns2/program/ns2-fx-reverb.js": {"lines":{"total":5,"covered":5,"skipped":0,"pct":100},"functions":{"total":1,"covered":1,"skipped":0,"pct":100},"statements":{"total":5,"covered":5,"skipped":0,"pct":100},"branches":{"total":0,"covered":0,"skipped":0,"pct":100}}
,"/Users/christian/dev/ns3-program-viewer/src/server/ns2/program/ns2-fx-rotary-speaker.js": {"lines":{"total":9,"covered":9,"skipped":0,"pct":100},"functions":{"total":1,"covered":1,"skipped":0,"pct":100},"statements":{"total":9,"covered":9,"skipped":0,"pct":100},"branches":{"total":0,"covered":0,"skipped":0,"pct":100}}
,"/Users/christian/dev/ns3-program-viewer/src/server/ns2/program/ns2-mapping.js": {"lines":{"total":50,"covered":50,"skipped":0,"pct":100},"functions":{"total":0,"covered":0,"skipped":0,"pct":100},"statements":{"total":50,"covered":50,"skipped":0,"pct":100},"branches":{"total":0,"covered":0,"skipped":0,"pct":100}}
,"/Users/christian/dev/ns3-program-viewer/src/server/ns2/program/ns2-morph.js": {"lines":{"total":80,"covered":73,"skipped":0,"pct":91.25},"functions":{"total":8,"covered":8,"skipped":0,"pct":100},"statements":{"total":80,"covered":73,"skipped":0,"pct":91.25},"branches":{"total":44,"covered":30,"skipped":0,"pct":68.18}}
,"/Users/christian/dev/ns3-program-viewer/src/server/ns2/program/ns2-organ.js": {"lines":{"total":129,"covered":129,"skipped":0,"pct":100},"functions":{"total":4,"covered":4,"skipped":0,"pct":100},"statements":{"total":129,"covered":129,"skipped":0,"pct":100},"branches":{"total":24,"covered":23,"skipped":0,"pct":95.83}}
,"/Users/christian/dev/ns3-program-viewer/src/server/ns2/program/ns2-piano.js": {"lines":{"total":32,"covered":31,"skipped":0,"pct":96.87},"functions":{"total":1,"covered":1,"skipped":0,"pct":100},"statements":{"total":32,"covered":31,"skipped":0,"pct":96.87},"branches":{"total":12,"covered":11,"skipped":0,"pct":91.66}}
,"/Users/christian/dev/ns3-program-viewer/src/server/ns2/program/ns2-program.js": {"lines":{"total":56,"covered":56,"skipped":0,"pct":100},"functions":{"total":1,"covered":1,"skipped":0,"pct":100},"statements":{"total":56,"covered":56,"skipped":0,"pct":100},"branches":{"total":25,"covered":25,"skipped":0,"pct":100}}
,"/Users/christian/dev/ns3-program-viewer/src/server/ns2/program/ns2-slot.js": {"lines":{"total":7,"covered":7,"skipped":0,"pct":100},"functions":{"total":1,"covered":1,"skipped":0,"pct":100},"statements":{"total":7,"covered":7,"skipped":0,"pct":100},"branches":{"total":4,"covered":4,"skipped":0,"pct":100}}
,"/Users/christian/dev/ns3-program-viewer/src/server/ns2/program/ns2-synth-filter.js": {"lines":{"total":15,"covered":15,"skipped":0,"pct":100},"functions":{"total":2,"covered":2,"skipped":0,"pct":100},"statements":{"total":15,"covered":15,"skipped":0,"pct":100},"branches":{"total":8,"covered":7,"skipped":0,"pct":87.5}}
,"/Users/christian/dev/ns3-program-viewer/src/server/ns2/program/ns2-synth-osc-shape.js": {"lines":{"total":21,"covered":21,"skipped":0,"pct":100},"functions":{"total":5,"covered":5,"skipped":0,"pct":100},"statements":{"total":21,"covered":21,"skipped":0,"pct":100},"branches":{"total":12,"covered":12,"skipped":0,"pct":100}}
,"/Users/christian/dev/ns3-program-viewer/src/server/ns2/program/ns2-synth.js": {"lines":{"total":123,"covered":121,"skipped":0,"pct":98.37},"functions":{"total":3,"covered":3,"skipped":0,"pct":100},"statements":{"total":124,"covered":122,"skipped":0,"pct":98.38},"branches":{"total":46,"covered":43,"skipped":0,"pct":93.47}}
,"/Users/christian/dev/ns3-program-viewer/src/server/ns2/program/ns2-utils.js": {"lines":{"total":26,"covered":23,"skipped":0,"pct":88.46},"functions":{"total":5,"covered":5,"skipped":0,"pct":100},"statements":{"total":26,"covered":23,"skipped":0,"pct":88.46},"branches":{"total":30,"covered":23,"skipped":0,"pct":76.66}}
,"/Users/christian/dev/ns3-program-viewer/src/server/ns2/synth/ns2-synthFile.js": {"lines":{"total":19,"covered":19,"skipped":0,"pct":100},"functions":{"total":1,"covered":1,"skipped":0,"pct":100},"statements":{"total":19,"covered":19,"skipped":0,"pct":100},"branches":{"total":2,"covered":2,"skipped":0,"pct":100}}
,"/Users/christian/dev/ns3-program-viewer/src/server/ns3/program/ns3-extern.js": {"lines":{"total":31,"covered":29,"skipped":0,"pct":93.54},"functions":{"total":4,"covered":2,"skipped":0,"pct":50},"statements":{"total":31,"covered":29,"skipped":0,"pct":93.54},"branches":{"total":6,"covered":6,"skipped":0,"pct":100}}
,"/Users/christian/dev/ns3-program-viewer/src/server/ns3/program/ns3-fx-amp-sim-eq.js": {"lines":{"total":23,"covered":23,"skipped":0,"pct":100},"functions":{"total":3,"covered":3,"skipped":0,"pct":100},"statements":{"total":23,"covered":23,"skipped":0,"pct":100},"branches":{"total":10,"covered":10,"skipped":0,"pct":100}}
,"/Users/christian/dev/ns3-program-viewer/src/server/ns3/program/ns3-fx-compressor.js": {"lines":{"total":5,"covered":5,"skipped":0,"pct":100},"functions":{"total":1,"covered":1,"skipped":0,"pct":100},"statements":{"total":5,"covered":5,"skipped":0,"pct":100},"branches":{"total":0,"covered":0,"skipped":0,"pct":100}}
,"/Users/christian/dev/ns3-program-viewer/src/server/ns3/program/ns3-fx-delay.js": {"lines":{"total":52,"covered":49,"skipped":0,"pct":94.23},"functions":{"total":7,"covered":6,"skipped":0,"pct":85.71},"statements":{"total":52,"covered":49,"skipped":0,"pct":94.23},"branches":{"total":26,"covered":20,"skipped":0,"pct":76.92}}
,"/Users/christian/dev/ns3-program-viewer/src/server/ns3/program/ns3-fx-multi-effect-1.js": {"lines":{"total":16,"covered":16,"skipped":0,"pct":100},"functions":{"total":3,"covered":3,"skipped":0,"pct":100},"statements":{"total":16,"covered":16,"skipped":0,"pct":100},"branches":{"total":9,"covered":9,"skipped":0,"pct":100}}
,"/Users/christian/dev/ns3-program-viewer/src/server/ns3/program/ns3-fx-multi-effect-2.js": {"lines":{"total":10,"covered":10,"skipped":0,"pct":100},"functions":{"total":2,"covered":2,"skipped":0,"pct":100},"statements":{"total":10,"covered":10,"skipped":0,"pct":100},"branches":{"total":0,"covered":0,"skipped":0,"pct":100}}
,"/Users/christian/dev/ns3-program-viewer/src/server/ns3/program/ns3-fx-reverb.js": {"lines":{"total":9,"covered":9,"skipped":0,"pct":100},"functions":{"total":2,"covered":2,"skipped":0,"pct":100},"statements":{"total":9,"covered":9,"skipped":0,"pct":100},"branches":{"total":0,"covered":0,"skipped":0,"pct":100}}
,"/Users/christian/dev/ns3-program-viewer/src/server/ns3/program/ns3-fx-rotary-speaker.js": {"lines":{"total":9,"covered":9,"skipped":0,"pct":100},"functions":{"total":1,"covered":1,"skipped":0,"pct":100},"statements":{"total":9,"covered":9,"skipped":0,"pct":100},"branches":{"total":0,"covered":0,"skipped":0,"pct":100}}
,"/Users/christian/dev/ns3-program-viewer/src/server/ns3/program/ns3-mapping.js": {"lines":{"total":57,"covered":57,"skipped":0,"pct":100},"functions":{"total":0,"covered":0,"skipped":0,"pct":100},"statements":{"total":57,"covered":57,"skipped":0,"pct":100},"branches":{"total":0,"covered":0,"skipped":0,"pct":100}}
,"/Users/christian/dev/ns3-program-viewer/src/server/ns3/program/ns3-morph.js": {"lines":{"total":75,"covered":71,"skipped":0,"pct":94.66},"functions":{"total":8,"covered":8,"skipped":0,"pct":100},"statements":{"total":75,"covered":71,"skipped":0,"pct":94.66},"branches":{"total":42,"covered":34,"skipped":0,"pct":80.95}}
,"/Users/christian/dev/ns3-program-viewer/src/server/ns3/program/ns3-organ.js": {"lines":{"total":103,"covered":100,"skipped":0,"pct":97.08},"functions":{"total":6,"covered":6,"skipped":0,"pct":100},"statements":{"total":103,"covered":100,"skipped":0,"pct":97.08},"branches":{"total":54,"covered":48,"skipped":0,"pct":88.88}}
,"/Users/christian/dev/ns3-program-viewer/src/server/ns3/program/ns3-panel.js": {"lines":{"total":11,"covered":11,"skipped":0,"pct":100},"functions":{"total":1,"covered":1,"skipped":0,"pct":100},"statements":{"total":11,"covered":11,"skipped":0,"pct":100},"branches":{"total":8,"covered":8,"skipped":0,"pct":100}}
,"/Users/christian/dev/ns3-program-viewer/src/server/ns3/program/ns3-piano.js": {"lines":{"total":30,"covered":29,"skipped":0,"pct":96.66},"functions":{"total":1,"covered":1,"skipped":0,"pct":100},"statements":{"total":30,"covered":29,"skipped":0,"pct":96.66},"branches":{"total":21,"covered":18,"skipped":0,"pct":85.71}}
,"/Users/christian/dev/ns3-program-viewer/src/server/ns3/program/ns3-program.js": {"lines":{"total":69,"covered":67,"skipped":0,"pct":97.1},"functions":{"total":2,"covered":2,"skipped":0,"pct":100},"statements":{"total":69,"covered":67,"skipped":0,"pct":97.1},"branches":{"total":68,"covered":66,"skipped":0,"pct":97.05}}
,"/Users/christian/dev/ns3-program-viewer/src/server/ns3/program/ns3-synth-filter.js": {"lines":{"total":24,"covered":24,"skipped":0,"pct":100},"functions":{"total":5,"covered":5,"skipped":0,"pct":100},"statements":{"total":24,"covered":24,"skipped":0,"pct":100},"branches":{"total":12,"covered":10,"skipped":0,"pct":83.33}}
,"/Users/christian/dev/ns3-program-viewer/src/server/ns3/program/ns3-synth-osc-control.js": {"lines":{"total":38,"covered":38,"skipped":0,"pct":100},"functions":{"total":3,"covered":3,"skipped":0,"pct":100},"statements":{"total":38,"covered":38,"skipped":0,"pct":100},"branches":{"total":14,"covered":14,"skipped":0,"pct":100}}
,"/Users/christian/dev/ns3-program-viewer/src/server/ns3/program/ns3-synth.js": {"lines":{"total":114,"covered":111,"skipped":0,"pct":97.36},"functions":{"total":4,"covered":4,"skipped":0,"pct":100},"statements":{"total":118,"covered":115,"skipped":0,"pct":97.45},"branches":{"total":65,"covered":62,"skipped":0,"pct":95.38}}
,"/Users/christian/dev/ns3-program-viewer/src/server/ns3/program/ns3-utils.js": {"lines":{"total":93,"covered":83,"skipped":0,"pct":89.24},"functions":{"total":9,"covered":8,"skipped":0,"pct":88.88},"statements":{"total":94,"covered":84,"skipped":0,"pct":89.36},"branches":{"total":85,"covered":70,"skipped":0,"pct":82.35}}
,"/Users/christian/dev/ns3-program-viewer/src/server/ns3/synth/ns3-synthFile.js": {"lines":{"total":25,"covered":22,"skipped":0,"pct":88},"functions":{"total":1,"covered":1,"skipped":0,"pct":100},"statements":{"total":25,"covered":22,"skipped":0,"pct":88},"branches":{"total":14,"covered":10,"skipped":0,"pct":71.42}}
,"/Users/christian/dev/ns3-program-viewer/test/test-helpers.js": {"lines":{"total":27,"covered":25,"skipped":0,"pct":92.59},"functions":{"total":4,"covered":4,"skipped":0,"pct":100},"statements":{"total":27,"covered":25,"skipped":0,"pct":92.59},"branches":{"total":6,"covered":4,"skipped":0,"pct":66.66}}
}
